notepad/app/build/intermediates/manifest_merge_blame_file/debug/manifest-merger-blame-debug-report.txt
1<?xml version="1.0" encoding="utf-8"?>
2<!--
3 Copyright (C) 2007 The Android Open Source Project
4
5     Licensed under the Apache License, Version 2.0 (the "License");
6     you may not use this file except in compliance with the License.
7     You may obtain a copy of the License at
8
9          http://www.apache.org/licenses/LICENSE-2.0
10
11     Unless required by applicable law or agreed to in writing, software
12     distributed under the License is distributed on an "AS IS" BASIS,
13     WITHOUT WARRANTIES OR CONDITIONS OF ANY KIND, either express or implied.
14     See the License for the specific language governing permissions and
15     limitations under the License.
16-->
17<!--
18 Declare the contents of this Android application.  The namespace
19     attribute brings in the Android platform namespace, and the package
20     supplies a unique name for the application.  When writing your
21     own application, the package name must be changed from "com.example.*"
22     to come from a domain that you own or have control over.
23-->
24<manifest xmlns:android="http://schemas.android.com/apk/res/android"
25    package="com.example.android.notepad" >
26
27    <uses-sdk
28        android:minSdkVersion="15"
28-->src\main\AndroidManifest.xml
29        android:targetSdkVersion="19" />
29-->src\main\AndroidManifest.xml
30
31    <application
31-->src\main\AndroidManifest.xml:27:5-118:19
32        android:debuggable="true"
33        android:icon="@drawable/app_notes"
33-->src\main\AndroidManifest.xml:27:18-52
34        android:label="@string/app_name"
34-->src\main\AndroidManifest.xml:28:9-41
35        android:testOnly="true" >
36        <provider
36-->src\main\AndroidManifest.xml:30:9-34:20
37            android:name="com.example.android.notepad.NotePadProvider"
37-->src\main\AndroidManifest.xml:30:19-49
38            android:authorities="com.google.provider.NotePad"
38-->src\main\AndroidManifest.xml:31:13-62
39            android:exported="false" >
39-->src\main\AndroidManifest.xml:32:13-37
40            <grant-uri-permission android:pathPattern=".*" />
40-->src\main\AndroidManifest.xml:33:13-62
40-->src\main\AndroidManifest.xml:33:35-59
41        </provider>
42
43        <activity
43-->src\main\AndroidManifest.xml:36:9-53:20
44            android:name="com.example.android.notepad.NotesList"
44-->src\main\AndroidManifest.xml:36:19-43
45            android:label="@string/title_notes_list" >
45-->src\main\AndroidManifest.xml:36:44-84
46            <intent-filter>
46-->src\main\AndroidManifest.xml:37:13-40:29
47                <action android:name="android.intent.action.MAIN" />
47-->src\main\AndroidManifest.xml:38:17-69
47-->src\main\AndroidManifest.xml:38:25-66
48
49                <category android:name="android.intent.category.LAUNCHER" />
49-->src\main\AndroidManifest.xml:39:17-77
49-->src\main\AndroidManifest.xml:39:27-74
50            </intent-filter>
51            <intent-filter>
51-->src\main\AndroidManifest.xml:41:13-47:29
52                <action android:name="android.intent.action.VIEW" />
52-->src\main\AndroidManifest.xml:42:17-69
52-->src\main\AndroidManifest.xml:42:25-66
53                <action android:name="android.intent.action.EDIT" />
53-->src\main\AndroidManifest.xml:43:17-69
53-->src\main\AndroidManifest.xml:43:25-66
54                <action android:name="android.intent.action.PICK" />
54-->src\main\AndroidManifest.xml:44:17-69
54-->src\main\AndroidManifest.xml:44:25-66
55
56                <category android:name="android.intent.category.DEFAULT" />
56-->src\main\AndroidManifest.xml:45:17-76
56-->src\main\AndroidManifest.xml:45:27-73
57
58                <data android:mimeType="vnd.android.cursor.dir/vnd.google.note" />
58-->src\main\AndroidManifest.xml:46:17-83
58-->src\main\AndroidManifest.xml:46:23-80
59            </intent-filter>
60            <intent-filter>
60-->src\main\AndroidManifest.xml:48:13-52:29
61                <action android:name="android.intent.action.GET_CONTENT" />
61-->src\main\AndroidManifest.xml:49:17-76
61-->src\main\AndroidManifest.xml:49:25-73
62
63                <category android:name="android.intent.category.DEFAULT" />
63-->src\main\AndroidManifest.xml:45:17-76
63-->src\main\AndroidManifest.xml:45:27-73
64
65                <data android:mimeType="vnd.android.cursor.item/vnd.google.note" />
65-->src\main\AndroidManifest.xml:46:17-83
65-->src\main\AndroidManifest.xml:46:23-80
66            </intent-filter>
67        </activity>
68        <activity
68-->src\main\AndroidManifest.xml:55:9-81:20
69            android:name="com.example.android.notepad.NoteEditor"
69-->src\main\AndroidManifest.xml:55:19-44
70            android:configChanges="keyboardHidden|orientation"
70-->src\main\AndroidManifest.xml:58:13-63
71            android:screenOrientation="sensor"
71-->src\main\AndroidManifest.xml:57:13-47
72            android:theme="@android:style/Theme.Holo.Light" >
72-->src\main\AndroidManifest.xml:56:13-60
73
74            <!--
75                 This filter says that we can view or edit the data of
76                 a single note
77            -->
78            <intent-filter android:label="@string/resolve_edit" >
78-->src\main\AndroidManifest.xml:62:13-68:29
78-->src\main\AndroidManifest.xml:62:28-64
79                <action android:name="android.intent.action.VIEW" />
79-->src\main\AndroidManifest.xml:42:17-69
79-->src\main\AndroidManifest.xml:42:25-66
80                <action android:name="android.intent.action.EDIT" />
80-->src\main\AndroidManifest.xml:43:17-69
80-->src\main\AndroidManifest.xml:43:25-66
81                <action android:name="com.android.notepad.action.EDIT_NOTE" />
81-->src\main\AndroidManifest.xml:65:17-79
81-->src\main\AndroidManifest.xml:65:25-76
82
83                <category android:name="android.intent.category.DEFAULT" />
83-->src\main\AndroidManifest.xml:45:17-76
83-->src\main\AndroidManifest.xml:45:27-73
84
85                <data android:mimeType="vnd.android.cursor.item/vnd.google.note" />
85-->src\main\AndroidManifest.xml:46:17-83
85-->src\main\AndroidManifest.xml:46:23-80
86            </intent-filter>
87
88            <!--
89                 This filter says that we can create a new note inside
90                 of a directory of notes.  The INSERT action creates an
91                 empty note; the PASTE action initializes a new note from
92                 the current contents of the clipboard.
93            -->
94            <intent-filter>
94-->src\main\AndroidManifest.xml:74:13-79:29
95                <action android:name="android.intent.action.INSERT" />
95-->src\main\AndroidManifest.xml:75:17-71
95-->src\main\AndroidManifest.xml:75:25-68
96                <action android:name="android.intent.action.PASTE" />
96-->src\main\AndroidManifest.xml:76:17-70
96-->src\main\AndroidManifest.xml:76:25-67
97
98                <category android:name="android.intent.category.DEFAULT" />
98-->src\main\AndroidManifest.xml:45:17-76
98-->src\main\AndroidManifest.xml:45:27-73
99
100                <data android:mimeType="vnd.android.cursor.dir/vnd.google.note" />
100-->src\main\AndroidManifest.xml:46:17-83
100-->src\main\AndroidManifest.xml:46:23-80
101            </intent-filter>
102        </activity>
103        <activity
103-->src\main\AndroidManifest.xml:83:9-108:20
104            android:name="com.example.android.notepad.TitleEditor"
104-->src\main\AndroidManifest.xml:83:19-45
105            android:icon="@drawable/ic_menu_edit"
105-->src\main\AndroidManifest.xml:85:13-50
106            android:label="@string/title_edit_title"
106-->src\main\AndroidManifest.xml:84:13-53
107            android:theme="@android:style/Theme.Holo.Dialog"
107-->src\main\AndroidManifest.xml:86:13-61
108            android:windowSoftInputMode="stateVisible" >
108-->src\main\AndroidManifest.xml:87:13-55
109
110            <!--
111                 This activity implements an alternative action that can be
112                 performed on notes: editing their title.  It can be used as
113                 a default operation if the user invokes this action, and is
114                 available as an alternative action for any note data.
115            -->
116            <intent-filter android:label="@string/resolve_title" >
116-->src\main\AndroidManifest.xml:92:13-107:29
116-->src\main\AndroidManifest.xml:92:28-65
117
118                <!--
119                     This is the action we perform.  It is a custom action we
120                     define for our application, not a generic VIEW or EDIT
121                     action since we are not a general note viewer/editor.
122                -->
123                <action android:name="com.android.notepad.action.EDIT_TITLE" />
123-->src\main\AndroidManifest.xml:96:17-80
123-->src\main\AndroidManifest.xml:96:25-77
124                <!-- DEFAULT: execute if being directly invoked. -->
125                <category android:name="android.intent.category.DEFAULT" />
125-->src\main\AndroidManifest.xml:45:17-76
125-->src\main\AndroidManifest.xml:45:27-73
126                <!--
127                     ALTERNATIVE: show as an alternative action when the user is
128                     working with this type of data.
129                -->
130                <category android:name="android.intent.category.ALTERNATIVE" />
130-->src\main\AndroidManifest.xml:101:17-80
130-->src\main\AndroidManifest.xml:101:27-77
131                <!--
132                     SELECTED_ALTERNATIVE: show as an alternative action the user
133                     can perform when selecting this type of data.
134                -->
135                <category android:name="android.intent.category.SELECTED_ALTERNATIVE" />
135-->src\main\AndroidManifest.xml:104:17-89
135-->src\main\AndroidManifest.xml:104:27-86
136                <!-- This is the data type we operate on. -->
137                <data android:mimeType="vnd.android.cursor.item/vnd.google.note" />
137-->src\main\AndroidManifest.xml:46:17-83
137-->src\main\AndroidManifest.xml:46:23-80
138            </intent-filter>
139        </activity>
140        <activity
140-->src\main\AndroidManifest.xml:110:9-116:20
141            android:name="com.example.android.notepad.NotesLiveFolder"
141-->src\main\AndroidManifest.xml:110:19-49
142            android:icon="@drawable/live_folder_notes"
142-->src\main\AndroidManifest.xml:111:13-55
143            android:label="@string/live_folder_name" >
143-->src\main\AndroidManifest.xml:110:50-90
144            <intent-filter>
144-->src\main\AndroidManifest.xml:112:13-115:29
145                <action android:name="android.intent.action.CREATE_LIVE_FOLDER" />
145-->src\main\AndroidManifest.xml:113:17-83
145-->src\main\AndroidManifest.xml:113:25-80
146
147                <category android:name="android.intent.category.DEFAULT" />
147-->src\main\AndroidManifest.xml:45:17-76
147-->src\main\AndroidManifest.xml:45:27-73
148            </intent-filter>
149        </activity>
150    </application>
151
152</manifest>